<?xml version="1.0" encoding="UTF-8"?>
<testng-results ignored="0" total="1" passed="1" failed="0" skipped="0">
  <reporter-output>
  </reporter-output>
  <suite started-at="2024-02-26T11:07:39 GST" name="Default suite" finished-at="2024-02-26T11:07:46 GST" duration-ms="7580">
    <groups>
    </groups>
    <test started-at="2024-02-26T11:07:39 GST" name="Default test" finished-at="2024-02-26T11:07:46 GST" duration-ms="7580">
      <class name="Maven.Demo">
        <test-method signature="test()[pri:0, instance:Maven.Demo@194bcebf]" started-at="2024-02-26T11:07:39 GST" name="test" finished-at="2024-02-26T11:07:46 GST" duration-ms="7484" status="PASS">
          <reporter-output>
          </reporter-output>
        </test-method> <!-- test -->
      </class> <!-- Maven.Demo -->
    </test> <!-- Default test -->
  </suite> <!-- Default suite -->
</testng-results>
